{
  "RSpec": {
    "coverage": {
      "/Users/priyapatil/Work/ruby_projects/functional-ruby-ttt/lib/console.rb": [
        1,
        null,
        1,
        23,
        23,
        null,
        null,
        1,
        34,
        34,
        null,
        null,
        1,
        1,
        1,
        null,
        null,
        1,
        34,
        null,
        null,
        1,
        35,
        null,
        null,
        1,
        2,
        null,
        null,
        1,
        4,
        null,
        null,
        1,
        1,
        null,
        null,
        1,
        28,
        null,
        null,
        1,
        1,
        null,
        null
      ],
      "/Users/priyapatil/Work/ruby_projects/functional-ruby-ttt/lib/menu.rb": [
        1,
        null,
        1,
        null,
        1,
        2,
        2,
        null,
        null,
        1,
        null,
        null,
        null,
        2,
        null,
        null,
        1,
        1,
        1,
        1,
        1,
        1,
        1,
        1,
        null,
        null
      ]
    },
    "timestamp": 1465227644
  }
}
